{"/Users/antonnek/Projects/sdm-notes/cards-webserver-nestjs/src/auth/auth.controller.ts": {"path":"/Users/antonnek/Projects/sdm-notes/cards-webserver-nestjs/src/auth/auth.controller.ts","statementMap":{"0":{"start":{"line":1,"column":0},"end":{"line":1,"column":null}},"1":{"start":{"line":12,"column":0},"end":{"line":12,"column":57}},"2":{"start":{"line":15,"column":0},"end":{"line":15,"column":null}},"3":{"start":{"line":21,"column":0},"end":{"line":21,"column":45}},"4":{"start":{"line":22,"column":0},"end":{"line":22,"column":72}},"5":{"start":{"line":23,"column":0},"end":{"line":23,"column":51}},"6":{"start":{"line":30,"column":27},"end":{"line":88,"column":null}},"7":{"start":{"line":34,"column":12},"end":{"line":34,"column":25}},"8":{"start":{"line":35,"column":12},"end":{"line":35,"column":28}},"9":{"start":{"line":31,"column":19},"end":{"line":31,"column":60}},"10":{"start":{"line":44,"column":4},"end":{"line":44,"column":56}},"11":{"start":{"line":45,"column":4},"end":{"line":64,"column":5}},"12":{"start":{"line":46,"column":26},"end":{"line":48,"column":null}},"13":{"start":{"line":50,"column":6},"end":{"line":52,"column":8}},"14":{"start":{"line":54,"column":6},"end":{"line":57,"column":9}},"15":{"start":{"line":58,"column":6},"end":{"line":58,"column":44}},"16":{"start":{"line":59,"column":6},"end":{"line":63,"column":8}},"17":{"start":{"line":72,"column":24},"end":{"line":72,"column":76}},"18":{"start":{"line":73,"column":4},"end":{"line":78,"column":5}},"19":{"start":{"line":74,"column":6},"end":{"line":77,"column":8}},"20":{"start":{"line":81,"column":6},"end":{"line":81,"column":54}},"21":{"start":{"line":83,"column":4},"end":{"line":86,"column":6}},"22":{"start":{"line":30,"column":13},"end":{"line":30,"column":27}},"23":{"start":{"line":40,"column":15},"end":{"line":65,"column":null}},"24":{"start":{"line":69,"column":15},"end":{"line":87,"column":null}},"25":{"start":{"line":30,"column":13},"end":{"line":88,"column":null}}},"fnMap":{"0":{"name":"(anonymous_4)","decl":{"start":{"line":33,"column":2},"end":{"line":33,"column":null}},"loc":{"start":{"line":35,"column":48},"end":{"line":36,"column":6}}},"1":{"name":"(anonymous_5)","decl":{"start":{"line":40,"column":9},"end":{"line":40,"column":14}},"loc":{"start":{"line":42,"column":50},"end":{"line":65,"column":3}}},"2":{"name":"(anonymous_6)","decl":{"start":{"line":69,"column":9},"end":{"line":69,"column":14}},"loc":{"start":{"line":70,"column":27},"end":{"line":87,"column":3}}}},"branchMap":{"0":{"loc":{"start":{"line":73,"column":4},"end":{"line":78,"column":5}},"type":"if","locations":[{"start":{"line":73,"column":4},"end":{"line":78,"column":5}}]},"1":{"loc":{"start":{"line":85,"column":16},"end":{"line":85,"column":51}},"type":"binary-expr","locations":[{"start":{"line":85,"column":16},"end":{"line":85,"column":45}},{"start":{"line":85,"column":49},"end":{"line":85,"column":51}}]}},"s":{"0":1,"1":1,"2":1,"3":1,"4":1,"5":1,"6":1,"7":1,"8":1,"9":1,"10":1,"11":1,"12":1,"13":0,"14":1,"15":1,"16":1,"17":0,"18":0,"19":0,"20":0,"21":0,"22":1,"23":1,"24":1,"25":1},"f":{"0":1,"1":1,"2":0},"b":{"0":[0],"1":[0,0]}}
,"/Users/antonnek/Projects/sdm-notes/cards-webserver-nestjs/src/auth/auth.dto.ts": {"path":"/Users/antonnek/Projects/sdm-notes/cards-webserver-nestjs/src/auth/auth.dto.ts","statementMap":{"0":{"start":{"line":1,"column":0},"end":{"line":1,"column":46}},"1":{"start":{"line":2,"column":0},"end":{"line":2,"column":43}},"2":{"start":{"line":7,"column":2},"end":{"line":7,"column":21}},"3":{"start":{"line":11,"column":2},"end":{"line":11,"column":24}},"4":{"start":{"line":4,"column":0},"end":{"line":4,"column":13}},"5":{"start":{"line":7,"column":2},"end":{"line":7,"column":null}},"6":{"start":{"line":11,"column":2},"end":{"line":11,"column":null}}},"fnMap":{"0":{"name":"(anonymous_2)","decl":{"start":{"line":4,"column":0},"end":{"line":4,"column":13}},"loc":{"start":{"line":4,"column":0},"end":{"line":12,"column":1}}}},"branchMap":{},"s":{"0":1,"1":1,"2":0,"3":0,"4":1,"5":1,"6":1},"f":{"0":0},"b":{}}
,"/Users/antonnek/Projects/sdm-notes/cards-webserver-nestjs/src/auth/auth.guard.ts": {"path":"/Users/antonnek/Projects/sdm-notes/cards-webserver-nestjs/src/auth/auth.guard.ts","statementMap":{"0":{"start":{"line":1,"column":0},"end":{"line":1,"column":null}},"1":{"start":{"line":7,"column":0},"end":{"line":7,"column":73}},"2":{"start":{"line":10,"column":0},"end":{"line":10,"column":72}},"3":{"start":{"line":12,"column":13},"end":{"line":12,"column":69}},"4":{"start":{"line":19,"column":22},"end":{"line":53,"column":null}},"5":{"start":{"line":23,"column":12},"end":{"line":23,"column":27}},"6":{"start":{"line":24,"column":12},"end":{"line":24,"column":28}},"7":{"start":{"line":20,"column":19},"end":{"line":20,"column":55}},"8":{"start":{"line":28,"column":20},"end":{"line":28,"column":55}},"9":{"start":{"line":29,"column":24},"end":{"line":29,"column":76}},"10":{"start":{"line":30,"column":4},"end":{"line":33,"column":5}},"11":{"start":{"line":31,"column":6},"end":{"line":31,"column":69}},"12":{"start":{"line":32,"column":6},"end":{"line":32,"column":19}},"13":{"start":{"line":34,"column":4},"end":{"line":51,"column":5}},"14":{"start":{"line":35,"column":25},"end":{"line":35,"column":75}},"15":{"start":{"line":36,"column":6},"end":{"line":41,"column":7}},"16":{"start":{"line":37,"column":8},"end":{"line":39,"column":10}},"17":{"start":{"line":40,"column":8},"end":{"line":40,"column":21}},"18":{"start":{"line":42,"column":6},"end":{"line":45,"column":7}},"19":{"start":{"line":43,"column":8},"end":{"line":43,"column":69}},"20":{"start":{"line":44,"column":8},"end":{"line":44,"column":21}},"21":{"start":{"line":46,"column":6},"end":{"line":46,"column":63}},"22":{"start":{"line":47,"column":6},"end":{"line":47,"column":18}},"23":{"start":{"line":49,"column":6},"end":{"line":49,"column":59}},"24":{"start":{"line":50,"column":6},"end":{"line":50,"column":19}},"25":{"start":{"line":19,"column":13},"end":{"line":19,"column":22}},"26":{"start":{"line":19,"column":13},"end":{"line":53,"column":null}}},"fnMap":{"0":{"name":"(anonymous_2)","decl":{"start":{"line":22,"column":2},"end":{"line":22,"column":null}},"loc":{"start":{"line":24,"column":48},"end":{"line":25,"column":6}}},"1":{"name":"(anonymous_3)","decl":{"start":{"line":27,"column":2},"end":{"line":27,"column":7}},"loc":{"start":{"line":27,"column":45},"end":{"line":52,"column":3}}}},"branchMap":{"0":{"loc":{"start":{"line":30,"column":4},"end":{"line":33,"column":5}},"type":"if","locations":[{"start":{"line":30,"column":4},"end":{"line":33,"column":5}}]},"1":{"loc":{"start":{"line":36,"column":6},"end":{"line":41,"column":7}},"type":"if","locations":[{"start":{"line":36,"column":6},"end":{"line":41,"column":7}}]},"2":{"loc":{"start":{"line":42,"column":6},"end":{"line":45,"column":7}},"type":"if","locations":[{"start":{"line":42,"column":6},"end":{"line":45,"column":7}}]},"3":{"loc":{"start":{"line":42,"column":10},"end":{"line":42,"column":61}},"type":"binary-expr","locations":[{"start":{"line":42,"column":10},"end":{"line":42,"column":37}},{"start":{"line":42,"column":41},"end":{"line":42,"column":61}}]}},"s":{"0":2,"1":2,"2":2,"3":2,"4":2,"5":2,"6":2,"7":2,"8":0,"9":0,"10":0,"11":0,"12":0,"13":0,"14":0,"15":0,"16":0,"17":0,"18":0,"19":0,"20":0,"21":0,"22":0,"23":0,"24":0,"25":2,"26":2},"f":{"0":2,"1":0},"b":{"0":[0],"1":[0],"2":[0],"3":[0,0]}}
,"/Users/antonnek/Projects/sdm-notes/cards-webserver-nestjs/src/auth/auth.service.ts": {"path":"/Users/antonnek/Projects/sdm-notes/cards-webserver-nestjs/src/auth/auth.service.ts","statementMap":{"0":{"start":{"line":1,"column":0},"end":{"line":1,"column":44}},"1":{"start":{"line":2,"column":0},"end":{"line":2,"column":73}},"2":{"start":{"line":8,"column":4},"end":{"line":8,"column":49}},"3":{"start":{"line":7,"column":21},"end":{"line":7,"column":39}},"4":{"start":{"line":6,"column":0},"end":{"line":6,"column":13}},"5":{"start":{"line":19,"column":7},"end":{"line":44,"column":null}},"6":{"start":{"line":20,"column":22},"end":{"line":20,"column":37}},"7":{"start":{"line":25,"column":33},"end":{"line":27,"column":null}},"8":{"start":{"line":29,"column":4},"end":{"line":36,"column":5}},"9":{"start":{"line":30,"column":6},"end":{"line":34,"column":7}},"10":{"start":{"line":31,"column":8},"end":{"line":33,"column":10}},"11":{"start":{"line":35,"column":6},"end":{"line":35,"column":61}},"12":{"start":{"line":37,"column":4},"end":{"line":37,"column":44}},"13":{"start":{"line":42,"column":4},"end":{"line":42,"column":62}},"14":{"start":{"line":19,"column":13},"end":{"line":19,"column":24}},"15":{"start":{"line":19,"column":13},"end":{"line":44,"column":null}}},"fnMap":{"0":{"name":"(anonymous_2)","decl":{"start":{"line":7,"column":2},"end":{"line":7,"column":21}},"loc":{"start":{"line":7,"column":39},"end":{"line":9,"column":3}}},"1":{"name":"(anonymous_3)","decl":{"start":{"line":20,"column":2},"end":{"line":20,"column":22}},"loc":{"start":{"line":20,"column":50},"end":{"line":20,"column":54}}},"2":{"name":"(anonymous_4)","decl":{"start":{"line":21,"column":9},"end":{"line":21,"column":14}},"loc":{"start":{"line":23,"column":20},"end":{"line":38,"column":3}}},"3":{"name":"(anonymous_5)","decl":{"start":{"line":39,"column":9},"end":{"line":39,"column":14}},"loc":{"start":{"line":40,"column":23},"end":{"line":43,"column":3}}}},"branchMap":{"0":{"loc":{"start":{"line":29,"column":4},"end":{"line":36,"column":5}},"type":"if","locations":[{"start":{"line":29,"column":4},"end":{"line":36,"column":5}}]},"1":{"loc":{"start":{"line":30,"column":6},"end":{"line":34,"column":7}},"type":"if","locations":[{"start":{"line":30,"column":6},"end":{"line":34,"column":7}}]}},"s":{"0":2,"1":2,"2":0,"3":0,"4":2,"5":2,"6":1,"7":0,"8":0,"9":0,"10":0,"11":0,"12":0,"13":0,"14":2,"15":2},"f":{"0":0,"1":1,"2":0,"3":0},"b":{"0":[0],"1":[0]}}
,"/Users/antonnek/Projects/sdm-notes/cards-webserver-nestjs/src/auth/bearer-token-extractor.service.ts": {"path":"/Users/antonnek/Projects/sdm-notes/cards-webserver-nestjs/src/auth/bearer-token-extractor.service.ts","statementMap":{"0":{"start":{"line":1,"column":0},"end":{"line":1,"column":44}},"1":{"start":{"line":4,"column":0},"end":{"line":4,"column":51}},"2":{"start":{"line":7,"column":7},"end":{"line":14,"column":null}},"3":{"start":{"line":9,"column":34},"end":{"line":11,"column":16}},"4":{"start":{"line":12,"column":4},"end":{"line":12,"column":64}},"5":{"start":{"line":7,"column":13},"end":{"line":7,"column":33}},"6":{"start":{"line":7,"column":13},"end":{"line":14,"column":null}}},"fnMap":{"0":{"name":"(anonymous_1)","decl":{"start":{"line":8,"column":9},"end":{"line":8,"column":32}},"loc":{"start":{"line":8,"column":49},"end":{"line":13,"column":3}}}},"branchMap":{"0":{"loc":{"start":{"line":12,"column":11},"end":{"line":12,"column":63}},"type":"cond-expr","locations":[{"start":{"line":12,"column":31},"end":{"line":12,"column":51}},{"start":{"line":12,"column":54},"end":{"line":12,"column":63}}]}},"s":{"0":3,"1":3,"2":3,"3":0,"4":0,"5":3,"6":3},"f":{"0":0},"b":{"0":[0,0]}}
,"/Users/antonnek/Projects/sdm-notes/cards-webserver-nestjs/src/auth/constants.ts": {"path":"/Users/antonnek/Projects/sdm-notes/cards-webserver-nestjs/src/auth/constants.ts","statementMap":{"0":{"start":{"line":5,"column":13},"end":{"line":5,"column":52}},"1":{"start":{"line":6,"column":13},"end":{"line":6,"column":72}}},"fnMap":{},"branchMap":{},"s":{"0":3,"1":3},"f":{},"b":{}}
,"/Users/antonnek/Projects/sdm-notes/cards-webserver-nestjs/src/card/card.controller.ts": {"path":"/Users/antonnek/Projects/sdm-notes/cards-webserver-nestjs/src/card/card.controller.ts","statementMap":{"0":{"start":{"line":1,"column":0},"end":{"line":1,"column":null}},"1":{"start":{"line":12,"column":0},"end":{"line":12,"column":57}},"2":{"start":{"line":14,"column":0},"end":{"line":14,"column":47}},"3":{"start":{"line":15,"column":0},"end":{"line":15,"column":57}},"4":{"start":{"line":16,"column":0},"end":{"line":16,"column":45}},"5":{"start":{"line":17,"column":0},"end":{"line":17,"column":55}},"6":{"start":{"line":18,"column":0},"end":{"line":18,"column":54}},"7":{"start":{"line":19,"column":0},"end":{"line":19,"column":54}},"8":{"start":{"line":20,"column":0},"end":{"line":20,"column":75}},"9":{"start":{"line":21,"column":0},"end":{"line":21,"column":62}},"10":{"start":{"line":27,"column":7},"end":{"line":100,"column":null}},"11":{"start":{"line":28,"column":31},"end":{"line":28,"column":44}},"12":{"start":{"line":35,"column":4},"end":{"line":35,"column":62}},"13":{"start":{"line":40,"column":4},"end":{"line":40,"column":65}},"14":{"start":{"line":48,"column":4},"end":{"line":52,"column":6}},"15":{"start":{"line":60,"column":17},"end":{"line":60,"column":74}},"16":{"start":{"line":62,"column":4},"end":{"line":64,"column":5}},"17":{"start":{"line":63,"column":6},"end":{"line":63,"column":67}},"18":{"start":{"line":66,"column":4},"end":{"line":66,"column":16}},"19":{"start":{"line":75,"column":4},"end":{"line":78,"column":6}},"20":{"start":{"line":87,"column":4},"end":{"line":90,"column":6}},"21":{"start":{"line":98,"column":4},"end":{"line":98,"column":56}},"22":{"start":{"line":27,"column":13},"end":{"line":27,"column":27}},"23":{"start":{"line":31,"column":8},"end":{"line":36,"column":null}},"24":{"start":{"line":39,"column":8},"end":{"line":41,"column":null}},"25":{"start":{"line":44,"column":8},"end":{"line":53,"column":null}},"26":{"start":{"line":56,"column":8},"end":{"line":67,"column":null}},"27":{"start":{"line":70,"column":8},"end":{"line":79,"column":null}},"28":{"start":{"line":82,"column":8},"end":{"line":91,"column":null}},"29":{"start":{"line":94,"column":2},"end":{"line":99,"column":null}},"30":{"start":{"line":27,"column":13},"end":{"line":100,"column":null}}},"fnMap":{"0":{"name":"(anonymous_4)","decl":{"start":{"line":28,"column":2},"end":{"line":28,"column":31}},"loc":{"start":{"line":28,"column":55},"end":{"line":28,"column":59}}},"1":{"name":"(anonymous_5)","decl":{"start":{"line":31,"column":2},"end":{"line":31,"column":7}},"loc":{"start":{"line":33,"column":40},"end":{"line":36,"column":3}}},"2":{"name":"(anonymous_6)","decl":{"start":{"line":39,"column":2},"end":{"line":39,"column":7}},"loc":{"start":{"line":39,"column":67},"end":{"line":41,"column":3}}},"3":{"name":"(anonymous_7)","decl":{"start":{"line":44,"column":2},"end":{"line":44,"column":7}},"loc":{"start":{"line":46,"column":39},"end":{"line":53,"column":3}}},"4":{"name":"(anonymous_8)","decl":{"start":{"line":56,"column":2},"end":{"line":56,"column":7}},"loc":{"start":{"line":58,"column":27},"end":{"line":67,"column":3}}},"5":{"name":"(anonymous_9)","decl":{"start":{"line":70,"column":2},"end":{"line":70,"column":7}},"loc":{"start":{"line":73,"column":40},"end":{"line":79,"column":3}}},"6":{"name":"(anonymous_10)","decl":{"start":{"line":82,"column":2},"end":{"line":82,"column":7}},"loc":{"start":{"line":85,"column":60},"end":{"line":91,"column":3}}},"7":{"name":"(anonymous_11)","decl":{"start":{"line":94,"column":2},"end":{"line":94,"column":8}},"loc":{"start":{"line":96,"column":27},"end":{"line":99,"column":3}}}},"branchMap":{"0":{"loc":{"start":{"line":62,"column":4},"end":{"line":64,"column":5}},"type":"if","locations":[{"start":{"line":62,"column":4},"end":{"line":64,"column":5}}]}},"s":{"0":1,"1":1,"2":1,"3":1,"4":1,"5":1,"6":1,"7":1,"8":1,"9":1,"10":1,"11":1,"12":0,"13":0,"14":0,"15":0,"16":0,"17":0,"18":0,"19":0,"20":0,"21":0,"22":1,"23":1,"24":1,"25":1,"26":1,"27":1,"28":1,"29":1,"30":1},"f":{"0":1,"1":0,"2":0,"3":0,"4":0,"5":0,"6":0,"7":0},"b":{"0":[0]}}
,"/Users/antonnek/Projects/sdm-notes/cards-webserver-nestjs/src/card/card.service.ts": {"path":"/Users/antonnek/Projects/sdm-notes/cards-webserver-nestjs/src/card/card.service.ts","statementMap":{"0":{"start":{"line":1,"column":0},"end":{"line":1,"column":58}},"1":{"start":{"line":2,"column":0},"end":{"line":2,"column":null}},"2":{"start":{"line":7,"column":0},"end":{"line":7,"column":44}},"3":{"start":{"line":8,"column":0},"end":{"line":8,"column":49}},"4":{"start":{"line":9,"column":0},"end":{"line":9,"column":35}},"5":{"start":{"line":18,"column":7},"end":{"line":186,"column":null}},"6":{"start":{"line":24,"column":28},"end":{"line":31,"column":6}},"7":{"start":{"line":33,"column":30},"end":{"line":37,"column":6}},"8":{"start":{"line":39,"column":28},"end":{"line":39,"column":66}},"9":{"start":{"line":41,"column":4},"end":{"line":44,"column":6}},"10":{"start":{"line":47,"column":23},"end":{"line":52,"column":6}},"11":{"start":{"line":55,"column":4},"end":{"line":68,"column":16}},"12":{"start":{"line":72,"column":19},"end":{"line":72,"column":39}},"13":{"start":{"line":73,"column":17},"end":{"line":78,"column":6}},"14":{"start":{"line":79,"column":4},"end":{"line":79,"column":36}},"15":{"start":{"line":80,"column":4},"end":{"line":87,"column":6}},"16":{"start":{"line":91,"column":4},"end":{"line":99,"column":5}},"17":{"start":{"line":92,"column":22},"end":{"line":94,"column":8}},"18":{"start":{"line":95,"column":6},"end":{"line":95,"column":70}},"19":{"start":{"line":95,"column":39},"end":{"line":95,"column":68}},"20":{"start":{"line":98,"column":6},"end":{"line":98,"column":79}},"21":{"start":{"line":107,"column":4},"end":{"line":116,"column":5}},"22":{"start":{"line":108,"column":22},"end":{"line":111,"column":8}},"23":{"start":{"line":112,"column":6},"end":{"line":112,"column":70}},"24":{"start":{"line":112,"column":39},"end":{"line":112,"column":68}},"25":{"start":{"line":115,"column":6},"end":{"line":115,"column":79}},"26":{"start":{"line":124,"column":20},"end":{"line":127,"column":6}},"27":{"start":{"line":128,"column":4},"end":{"line":130,"column":5}},"28":{"start":{"line":129,"column":6},"end":{"line":129,"column":18}},"29":{"start":{"line":131,"column":17},"end":{"line":131,"column":28}},"30":{"start":{"line":132,"column":4},"end":{"line":132,"column":44}},"31":{"start":{"line":136,"column":25},"end":{"line":143,"column":null}},"32":{"start":{"line":145,"column":4},"end":{"line":145,"column":34}},"33":{"start":{"line":152,"column":66},"end":{"line":152,"column":68}},"34":{"start":{"line":153,"column":4},"end":{"line":155,"column":7}},"35":{"start":{"line":154,"column":6},"end":{"line":154,"column":64}},"36":{"start":{"line":156,"column":25},"end":{"line":166,"column":null}},"37":{"start":{"line":168,"column":4},"end":{"line":168,"column":34}},"38":{"start":{"line":172,"column":4},"end":{"line":172,"column":75}},"39":{"start":{"line":173,"column":4},"end":{"line":173,"column":53}},"40":{"start":{"line":177,"column":4},"end":{"line":184,"column":6}},"41":{"start":{"line":18,"column":13},"end":{"line":18,"column":24}},"42":{"start":{"line":18,"column":13},"end":{"line":186,"column":null}}},"fnMap":{"0":{"name":"(anonymous_3)","decl":{"start":{"line":22,"column":2},"end":{"line":22,"column":null}},"loc":{"start":{"line":22,"column":2},"end":{"line":69,"column":3}}},"1":{"name":"(anonymous_4)","decl":{"start":{"line":71,"column":2},"end":{"line":71,"column":7}},"loc":{"start":{"line":71,"column":57},"end":{"line":88,"column":3}}},"2":{"name":"(anonymous_5)","decl":{"start":{"line":90,"column":2},"end":{"line":90,"column":7}},"loc":{"start":{"line":90,"column":51},"end":{"line":100,"column":3}}},"3":{"name":"(anonymous_6)","decl":{"start":{"line":95,"column":32},"end":{"line":95,"column":33}},"loc":{"start":{"line":95,"column":39},"end":{"line":95,"column":68}}},"4":{"name":"(anonymous_7)","decl":{"start":{"line":102,"column":2},"end":{"line":102,"column":7}},"loc":{"start":{"line":105,"column":20},"end":{"line":117,"column":3}}},"5":{"name":"(anonymous_8)","decl":{"start":{"line":112,"column":32},"end":{"line":112,"column":33}},"loc":{"start":{"line":112,"column":39},"end":{"line":112,"column":68}}},"6":{"name":"(anonymous_9)","decl":{"start":{"line":119,"column":2},"end":{"line":119,"column":7}},"loc":{"start":{"line":122,"column":18},"end":{"line":133,"column":3}}},"7":{"name":"(anonymous_10)","decl":{"start":{"line":135,"column":2},"end":{"line":135,"column":7}},"loc":{"start":{"line":135,"column":71},"end":{"line":146,"column":3}}},"8":{"name":"(anonymous_11)","decl":{"start":{"line":148,"column":2},"end":{"line":148,"column":7}},"loc":{"start":{"line":150,"column":52},"end":{"line":169,"column":3}}},"9":{"name":"(anonymous_12)","decl":{"start":{"line":153,"column":60},"end":{"line":153,"column":61}},"loc":{"start":{"line":153,"column":66},"end":{"line":155,"column":5}}},"10":{"name":"(anonymous_13)","decl":{"start":{"line":171,"column":2},"end":{"line":171,"column":7}},"loc":{"start":{"line":171,"column":60},"end":{"line":174,"column":3}}},"11":{"name":"(anonymous_14)","decl":{"start":{"line":176,"column":10},"end":{"line":176,"column":23}},"loc":{"start":{"line":176,"column":34},"end":{"line":185,"column":3}}}},"branchMap":{"0":{"loc":{"start":{"line":48,"column":12},"end":{"line":48,"column":65}},"type":"binary-expr","locations":[{"start":{"line":48,"column":12},"end":{"line":48,"column":50}},{"start":{"line":48,"column":54},"end":{"line":48,"column":65}}]},"1":{"loc":{"start":{"line":85,"column":20},"end":{"line":85,"column":45}},"type":"binary-expr","locations":[{"start":{"line":85,"column":20},"end":{"line":85,"column":37}},{"start":{"line":85,"column":41},"end":{"line":85,"column":45}}]},"2":{"loc":{"start":{"line":128,"column":4},"end":{"line":130,"column":5}},"type":"if","locations":[{"start":{"line":128,"column":4},"end":{"line":130,"column":5}}]},"3":{"loc":{"start":{"line":182,"column":20},"end":{"line":182,"column":45}},"type":"binary-expr","locations":[{"start":{"line":182,"column":20},"end":{"line":182,"column":37}},{"start":{"line":182,"column":41},"end":{"line":182,"column":45}}]}},"s":{"0":2,"1":2,"2":2,"3":2,"4":2,"5":2,"6":2,"7":2,"8":2,"9":2,"10":2,"11":2,"12":0,"13":0,"14":0,"15":0,"16":0,"17":0,"18":0,"19":0,"20":0,"21":0,"22":0,"23":0,"24":0,"25":0,"26":0,"27":0,"28":0,"29":0,"30":0,"31":0,"32":0,"33":0,"34":0,"35":0,"36":0,"37":0,"38":0,"39":0,"40":0,"41":2,"42":2},"f":{"0":2,"1":0,"2":0,"3":0,"4":0,"5":0,"6":0,"7":0,"8":0,"9":0,"10":0,"11":0},"b":{"0":[2,2],"1":[0,0],"2":[0],"3":[0,0]}}
,"/Users/antonnek/Projects/sdm-notes/cards-webserver-nestjs/src/card/dto/card-identity.dto.ts": {"path":"/Users/antonnek/Projects/sdm-notes/cards-webserver-nestjs/src/card/dto/card-identity.dto.ts","statementMap":{"0":{"start":{"line":3,"column":11},"end":{"line":3,"column":26}},"1":{"start":{"line":4,"column":11},"end":{"line":4,"column":23}},"2":{"start":{"line":5,"column":11},"end":{"line":5,"column":25}},"3":{"start":{"line":1,"column":0},"end":{"line":1,"column":13}}},"fnMap":{"0":{"name":"(anonymous_0)","decl":{"start":{"line":2,"column":2},"end":{"line":2,"column":null}},"loc":{"start":{"line":5,"column":25},"end":{"line":6,"column":6}}}},"branchMap":{},"s":{"0":0,"1":0,"2":0,"3":1},"f":{"0":0},"b":{}}
,"/Users/antonnek/Projects/sdm-notes/cards-webserver-nestjs/src/card/dto/create-card.dto.ts": {"path":"/Users/antonnek/Projects/sdm-notes/cards-webserver-nestjs/src/card/dto/create-card.dto.ts","statementMap":{"0":{"start":{"line":1,"column":0},"end":{"line":1,"column":46}},"1":{"start":{"line":2,"column":0},"end":{"line":2,"column":77}},"2":{"start":{"line":10,"column":2},"end":{"line":10,"column":23}},"3":{"start":{"line":15,"column":2},"end":{"line":15,"column":20}},"4":{"start":{"line":25,"column":2},"end":{"line":25,"column":57}},"5":{"start":{"line":6,"column":0},"end":{"line":6,"column":13}},"6":{"start":{"line":10,"column":2},"end":{"line":10,"column":null}},"7":{"start":{"line":15,"column":2},"end":{"line":15,"column":null}},"8":{"start":{"line":20,"column":2},"end":{"line":20,"column":null}},"9":{"start":{"line":25,"column":2},"end":{"line":25,"column":null}}},"fnMap":{"0":{"name":"(anonymous_2)","decl":{"start":{"line":6,"column":0},"end":{"line":6,"column":13}},"loc":{"start":{"line":6,"column":0},"end":{"line":26,"column":1}}}},"branchMap":{},"s":{"0":1,"1":1,"2":0,"3":0,"4":0,"5":1,"6":1,"7":1,"8":1,"9":1},"f":{"0":0},"b":{}}
,"/Users/antonnek/Projects/sdm-notes/cards-webserver-nestjs/src/card/dto/update-card-attributes.dto.ts": {"path":"/Users/antonnek/Projects/sdm-notes/cards-webserver-nestjs/src/card/dto/update-card-attributes.dto.ts","statementMap":{"0":{"start":{"line":1,"column":0},"end":{"line":1,"column":46}},"1":{"start":{"line":2,"column":0},"end":{"line":2,"column":43}},"2":{"start":{"line":9,"column":2},"end":{"line":9,"column":57}},"3":{"start":{"line":6,"column":0},"end":{"line":6,"column":13}},"4":{"start":{"line":9,"column":2},"end":{"line":9,"column":null}}},"fnMap":{"0":{"name":"(anonymous_2)","decl":{"start":{"line":6,"column":0},"end":{"line":6,"column":13}},"loc":{"start":{"line":6,"column":0},"end":{"line":10,"column":1}}}},"branchMap":{},"s":{"0":1,"1":1,"2":0,"3":1,"4":1},"f":{"0":0},"b":{}}
,"/Users/antonnek/Projects/sdm-notes/cards-webserver-nestjs/src/card/dto/update-card.dto.ts": {"path":"/Users/antonnek/Projects/sdm-notes/cards-webserver-nestjs/src/card/dto/update-card.dto.ts","statementMap":{"0":{"start":{"line":1,"column":0},"end":{"line":1,"column":50}},"1":{"start":{"line":3,"column":0},"end":{"line":3,"column":13}}},"fnMap":{},"branchMap":{},"s":{"0":1,"1":1},"f":{},"b":{}}
,"/Users/antonnek/Projects/sdm-notes/cards-webserver-nestjs/src/card/pipes/validate-type.pipe.ts": {"path":"/Users/antonnek/Projects/sdm-notes/cards-webserver-nestjs/src/card/pipes/validate-type.pipe.ts","statementMap":{"0":{"start":{"line":1,"column":0},"end":{"line":1,"column":80}},"1":{"start":{"line":4,"column":7},"end":{"line":17,"column":null}},"2":{"start":{"line":7,"column":6},"end":{"line":9,"column":26}},"3":{"start":{"line":10,"column":4},"end":{"line":14,"column":5}},"4":{"start":{"line":11,"column":6},"end":{"line":13,"column":8}},"5":{"start":{"line":15,"column":4},"end":{"line":15,"column":17}},"6":{"start":{"line":4,"column":13},"end":{"line":4,"column":29}},"7":{"start":{"line":4,"column":13},"end":{"line":17,"column":null}}},"fnMap":{"0":{"name":"(anonymous_1)","decl":{"start":{"line":5,"column":2},"end":{"line":5,"column":11}},"loc":{"start":{"line":5,"column":25},"end":{"line":16,"column":3}}}},"branchMap":{"0":{"loc":{"start":{"line":7,"column":6},"end":{"line":9,"column":26}},"type":"binary-expr","locations":[{"start":{"line":7,"column":6},"end":{"line":7,"column":32}},{"start":{"line":8,"column":6},"end":{"line":8,"column":28}},{"start":{"line":9,"column":6},"end":{"line":9,"column":26}}]},"1":{"loc":{"start":{"line":10,"column":4},"end":{"line":14,"column":5}},"type":"if","locations":[{"start":{"line":10,"column":4},"end":{"line":14,"column":5}}]}},"s":{"0":1,"1":1,"2":0,"3":0,"4":0,"5":0,"6":1,"7":1},"f":{"0":0},"b":{"0":[0,0,0],"1":[0]}}
,"/Users/antonnek/Projects/sdm-notes/cards-webserver-nestjs/src/space/space.controller.ts": {"path":"/Users/antonnek/Projects/sdm-notes/cards-webserver-nestjs/src/space/space.controller.ts","statementMap":{"0":{"start":{"line":1,"column":0},"end":{"line":1,"column":null}},"1":{"start":{"line":14,"column":0},"end":{"line":14,"column":57}},"2":{"start":{"line":16,"column":0},"end":{"line":16,"column":null}},"3":{"start":{"line":21,"column":0},"end":{"line":21,"column":57}},"4":{"start":{"line":22,"column":0},"end":{"line":22,"column":56}},"5":{"start":{"line":23,"column":0},"end":{"line":23,"column":56}},"6":{"start":{"line":24,"column":0},"end":{"line":24,"column":47}},"7":{"start":{"line":36,"column":7},"end":{"line":73,"column":null}},"8":{"start":{"line":37,"column":31},"end":{"line":37,"column":45}},"9":{"start":{"line":44,"column":4},"end":{"line":47,"column":6}},"10":{"start":{"line":52,"column":4},"end":{"line":56,"column":6}},"11":{"start":{"line":61,"column":4},"end":{"line":61,"column":42}},"12":{"start":{"line":66,"column":4},"end":{"line":66,"column":57}},"13":{"start":{"line":71,"column":4},"end":{"line":71,"column":41}},"14":{"start":{"line":36,"column":13},"end":{"line":36,"column":28}},"15":{"start":{"line":40,"column":2},"end":{"line":48,"column":null}},"16":{"start":{"line":51,"column":2},"end":{"line":57,"column":null}},"17":{"start":{"line":60,"column":2},"end":{"line":62,"column":null}},"18":{"start":{"line":65,"column":2},"end":{"line":67,"column":null}},"19":{"start":{"line":70,"column":2},"end":{"line":72,"column":null}},"20":{"start":{"line":36,"column":13},"end":{"line":73,"column":null}}},"fnMap":{"0":{"name":"(anonymous_4)","decl":{"start":{"line":37,"column":2},"end":{"line":37,"column":31}},"loc":{"start":{"line":37,"column":57},"end":{"line":37,"column":61}}},"1":{"name":"(anonymous_5)","decl":{"start":{"line":40,"column":2},"end":{"line":40,"column":8}},"loc":{"start":{"line":42,"column":37},"end":{"line":48,"column":3}}},"2":{"name":"(anonymous_6)","decl":{"start":{"line":51,"column":2},"end":{"line":51,"column":9}},"loc":{"start":{"line":51,"column":43},"end":{"line":57,"column":3}}},"3":{"name":"(anonymous_7)","decl":{"start":{"line":60,"column":2},"end":{"line":60,"column":9}},"loc":{"start":{"line":60,"column":33},"end":{"line":62,"column":3}}},"4":{"name":"(anonymous_8)","decl":{"start":{"line":65,"column":2},"end":{"line":65,"column":8}},"loc":{"start":{"line":65,"column":72},"end":{"line":67,"column":3}}},"5":{"name":"(anonymous_9)","decl":{"start":{"line":70,"column":2},"end":{"line":70,"column":8}},"loc":{"start":{"line":70,"column":32},"end":{"line":72,"column":3}}}},"branchMap":{},"s":{"0":1,"1":1,"2":1,"3":1,"4":1,"5":1,"6":1,"7":1,"8":1,"9":0,"10":0,"11":0,"12":0,"13":0,"14":1,"15":1,"16":1,"17":1,"18":1,"19":1,"20":1},"f":{"0":1,"1":0,"2":0,"3":0,"4":0,"5":0},"b":{}}
,"/Users/antonnek/Projects/sdm-notes/cards-webserver-nestjs/src/space/space.service.ts": {"path":"/Users/antonnek/Projects/sdm-notes/cards-webserver-nestjs/src/space/space.service.ts","statementMap":{"0":{"start":{"line":1,"column":0},"end":{"line":1,"column":44}},"1":{"start":{"line":5,"column":0},"end":{"line":5,"column":70}},"2":{"start":{"line":6,"column":0},"end":{"line":6,"column":61}},"3":{"start":{"line":9,"column":7},"end":{"line":43,"column":null}},"4":{"start":{"line":10,"column":22},"end":{"line":10,"column":49}},"5":{"start":{"line":12,"column":19},"end":{"line":16,"column":6}},"6":{"start":{"line":17,"column":4},"end":{"line":19,"column":6}},"7":{"start":{"line":20,"column":4},"end":{"line":20,"column":18}},"8":{"start":{"line":24,"column":21},"end":{"line":28,"column":6}},"9":{"start":{"line":29,"column":4},"end":{"line":29,"column":26}},"10":{"start":{"line":33,"column":4},"end":{"line":33,"column":48}},"11":{"start":{"line":37,"column":4},"end":{"line":37,"column":66}},"12":{"start":{"line":41,"column":4},"end":{"line":41,"column":48}},"13":{"start":{"line":9,"column":13},"end":{"line":9,"column":25}},"14":{"start":{"line":9,"column":13},"end":{"line":43,"column":null}}},"fnMap":{"0":{"name":"(anonymous_2)","decl":{"start":{"line":10,"column":2},"end":{"line":10,"column":22}},"loc":{"start":{"line":10,"column":74},"end":{"line":10,"column":78}}},"1":{"name":"(anonymous_3)","decl":{"start":{"line":11,"column":2},"end":{"line":11,"column":7}},"loc":{"start":{"line":11,"column":60},"end":{"line":21,"column":3}}},"2":{"name":"(anonymous_4)","decl":{"start":{"line":23,"column":2},"end":{"line":23,"column":7}},"loc":{"start":{"line":23,"column":36},"end":{"line":30,"column":3}}},"3":{"name":"(anonymous_5)","decl":{"start":{"line":32,"column":2},"end":{"line":32,"column":9}},"loc":{"start":{"line":32,"column":20},"end":{"line":34,"column":3}}},"4":{"name":"(anonymous_6)","decl":{"start":{"line":36,"column":2},"end":{"line":36,"column":8}},"loc":{"start":{"line":36,"column":51},"end":{"line":38,"column":3}}},"5":{"name":"(anonymous_7)","decl":{"start":{"line":40,"column":2},"end":{"line":40,"column":8}},"loc":{"start":{"line":40,"column":19},"end":{"line":42,"column":3}}}},"branchMap":{},"s":{"0":2,"1":2,"2":2,"3":2,"4":2,"5":0,"6":0,"7":0,"8":0,"9":0,"10":0,"11":0,"12":0,"13":2,"14":2},"f":{"0":2,"1":0,"2":0,"3":0,"4":0,"5":0},"b":{}}
,"/Users/antonnek/Projects/sdm-notes/cards-webserver-nestjs/src/space/dto/create-space.dto.ts": {"path":"/Users/antonnek/Projects/sdm-notes/cards-webserver-nestjs/src/space/dto/create-space.dto.ts","statementMap":{"0":{"start":{"line":1,"column":0},"end":{"line":1,"column":46}},"1":{"start":{"line":2,"column":0},"end":{"line":2,"column":64}},"2":{"start":{"line":9,"column":2},"end":{"line":9,"column":23}},"3":{"start":{"line":4,"column":0},"end":{"line":4,"column":13}},"4":{"start":{"line":9,"column":2},"end":{"line":9,"column":null}}},"fnMap":{"0":{"name":"(anonymous_2)","decl":{"start":{"line":4,"column":0},"end":{"line":4,"column":13}},"loc":{"start":{"line":4,"column":0},"end":{"line":10,"column":1}}}},"branchMap":{},"s":{"0":1,"1":1,"2":0,"3":1,"4":1},"f":{"0":0},"b":{}}
,"/Users/antonnek/Projects/sdm-notes/cards-webserver-nestjs/src/space/dto/update-space.dto.ts": {"path":"/Users/antonnek/Projects/sdm-notes/cards-webserver-nestjs/src/space/dto/update-space.dto.ts","statementMap":{"0":{"start":{"line":1,"column":0},"end":{"line":1,"column":46}},"1":{"start":{"line":3,"column":0},"end":{"line":3,"column":52}},"2":{"start":{"line":5,"column":0},"end":{"line":5,"column":13}}},"fnMap":{},"branchMap":{},"s":{"0":1,"1":1,"2":1},"f":{},"b":{}}
,"/Users/antonnek/Projects/sdm-notes/cards-webserver-nestjs/src/space/entities/space.dynamodb.ts": {"path":"/Users/antonnek/Projects/sdm-notes/cards-webserver-nestjs/src/space/entities/space.dynamodb.ts","statementMap":{"0":{"start":{"line":1,"column":0},"end":{"line":1,"column":58}},"1":{"start":{"line":2,"column":0},"end":{"line":2,"column":63}},"2":{"start":{"line":3,"column":0},"end":{"line":3,"column":44}},"3":{"start":{"line":4,"column":0},"end":{"line":4,"column":47}},"4":{"start":{"line":5,"column":0},"end":{"line":5,"column":41}},"5":{"start":{"line":7,"column":13},"end":{"line":7,"column":79}},"6":{"start":{"line":10,"column":7},"end":{"line":52,"column":null}},"7":{"start":{"line":11,"column":22},"end":{"line":11,"column":37}},"8":{"start":{"line":14,"column":28},"end":{"line":21,"column":6}},"9":{"start":{"line":23,"column":30},"end":{"line":27,"column":6}},"10":{"start":{"line":28,"column":57},"end":{"line":28,"column":59}},"11":{"start":{"line":29,"column":29},"end":{"line":30,"column":null}},"12":{"start":{"line":33,"column":4},"end":{"line":35,"column":5}},"13":{"start":{"line":34,"column":6},"end":{"line":34,"column":58}},"14":{"start":{"line":37,"column":28},"end":{"line":37,"column":66}},"15":{"start":{"line":39,"column":27},"end":{"line":41,"column":null}},"16":{"start":{"line":45,"column":4},"end":{"line":50,"column":7}},"17":{"start":{"line":10,"column":13},"end":{"line":10,"column":38}},"18":{"start":{"line":10,"column":13},"end":{"line":52,"column":null}}},"fnMap":{"0":{"name":"(anonymous_2)","decl":{"start":{"line":11,"column":2},"end":{"line":11,"column":22}},"loc":{"start":{"line":11,"column":50},"end":{"line":11,"column":54}}},"1":{"name":"(anonymous_3)","decl":{"start":{"line":12,"column":2},"end":{"line":12,"column":7}},"loc":{"start":{"line":12,"column":7},"end":{"line":51,"column":3}}}},"branchMap":{"0":{"loc":{"start":{"line":33,"column":4},"end":{"line":35,"column":5}},"type":"if","locations":[{"start":{"line":33,"column":4},"end":{"line":35,"column":5}}]},"1":{"loc":{"start":{"line":46,"column":12},"end":{"line":46,"column":78}},"type":"binary-expr","locations":[{"start":{"line":46,"column":12},"end":{"line":46,"column":62}},{"start":{"line":46,"column":66},"end":{"line":46,"column":78}}]}},"s":{"0":2,"1":2,"2":2,"3":2,"4":2,"5":2,"6":2,"7":2,"8":0,"9":0,"10":0,"11":0,"12":0,"13":0,"14":0,"15":0,"16":0,"17":2,"18":2},"f":{"0":2,"1":0},"b":{"0":[0],"1":[0,0]}}
,"/Users/antonnek/Projects/sdm-notes/cards-webserver-nestjs/src/space/entities/space.entity.ts": {"path":"/Users/antonnek/Projects/sdm-notes/cards-webserver-nestjs/src/space/entities/space.entity.ts","statementMap":{"0":{"start":{"line":1,"column":0},"end":{"line":1,"column":42}},"1":{"start":{"line":3,"column":13},"end":{"line":15,"column":12}}},"fnMap":{},"branchMap":{},"s":{"0":2,"1":2},"f":{},"b":{}}
}
