TN:
SF:src/auth/auth.controller.ts
FN:33,(anonymous_4)
FN:40,(anonymous_5)
FN:69,(anonymous_6)
FNF:3
FNH:2
FNDA:1,(anonymous_4)
FNDA:1,(anonymous_5)
FNDA:0,(anonymous_6)
DA:1,1
DA:12,1
DA:15,1
DA:21,1
DA:22,1
DA:23,1
DA:30,1
DA:31,1
DA:34,1
DA:35,1
DA:40,1
DA:44,1
DA:45,1
DA:46,1
DA:50,0
DA:54,1
DA:58,1
DA:59,1
DA:69,1
DA:72,0
DA:73,0
DA:74,0
DA:81,0
DA:83,0
LF:24
LH:18
BRDA:73,0,0,0
BRDA:85,1,0,0
BRDA:85,1,1,0
BRF:3
BRH:0
end_of_record
TN:
SF:src/auth/auth.dto.ts
FN:4,(anonymous_2)
FNF:1
FNH:0
FNDA:0,(anonymous_2)
DA:1,1
DA:2,1
DA:4,1
DA:7,1
DA:11,1
LF:5
LH:5
BRF:0
BRH:0
end_of_record
TN:
SF:src/auth/auth.guard.ts
FN:22,(anonymous_2)
FN:27,(anonymous_3)
FNF:2
FNH:1
FNDA:2,(anonymous_2)
FNDA:0,(anonymous_3)
DA:1,2
DA:7,2
DA:10,2
DA:12,2
DA:19,2
DA:20,2
DA:23,2
DA:24,2
DA:28,0
DA:29,0
DA:30,0
DA:31,0
DA:32,0
DA:34,0
DA:35,0
DA:36,0
DA:37,0
DA:40,0
DA:42,0
DA:43,0
DA:44,0
DA:46,0
DA:47,0
DA:49,0
DA:50,0
LF:25
LH:8
BRDA:30,0,0,0
BRDA:36,1,0,0
BRDA:42,2,0,0
BRDA:42,3,0,0
BRDA:42,3,1,0
BRF:5
BRH:0
end_of_record
TN:
SF:src/auth/auth.service.ts
FN:7,(anonymous_2)
FN:20,(anonymous_3)
FN:21,(anonymous_4)
FN:39,(anonymous_5)
FNF:4
FNH:1
FNDA:0,(anonymous_2)
FNDA:1,(anonymous_3)
FNDA:0,(anonymous_4)
FNDA:0,(anonymous_5)
DA:1,2
DA:2,2
DA:6,2
DA:7,0
DA:8,0
DA:19,2
DA:20,1
DA:25,0
DA:29,0
DA:30,0
DA:31,0
DA:35,0
DA:37,0
DA:42,0
LF:14
LH:5
BRDA:29,0,0,0
BRDA:30,1,0,0
BRF:2
BRH:0
end_of_record
TN:
SF:src/auth/bearer-token-extractor.service.ts
FN:8,(anonymous_1)
FNF:1
FNH:0
FNDA:0,(anonymous_1)
DA:1,3
DA:4,3
DA:7,3
DA:9,0
DA:12,0
LF:5
LH:3
BRDA:12,0,0,0
BRDA:12,0,1,0
BRF:2
BRH:0
end_of_record
TN:
SF:src/auth/constants.ts
FNF:0
FNH:0
DA:5,3
DA:6,3
LF:2
LH:2
BRF:0
BRH:0
end_of_record
TN:
SF:src/card/card.controller.ts
FN:28,(anonymous_4)
FN:31,(anonymous_5)
FN:39,(anonymous_6)
FN:44,(anonymous_7)
FN:56,(anonymous_8)
FN:70,(anonymous_9)
FN:82,(anonymous_10)
FN:94,(anonymous_11)
FNF:8
FNH:1
FNDA:1,(anonymous_4)
FNDA:0,(anonymous_5)
FNDA:0,(anonymous_6)
FNDA:0,(anonymous_7)
FNDA:0,(anonymous_8)
FNDA:0,(anonymous_9)
FNDA:0,(anonymous_10)
FNDA:0,(anonymous_11)
DA:1,1
DA:12,1
DA:14,1
DA:15,1
DA:16,1
DA:17,1
DA:18,1
DA:19,1
DA:20,1
DA:21,1
DA:27,1
DA:28,1
DA:31,1
DA:35,0
DA:39,1
DA:40,0
DA:44,1
DA:48,0
DA:56,1
DA:60,0
DA:62,0
DA:63,0
DA:66,0
DA:70,1
DA:75,0
DA:82,1
DA:87,0
DA:94,1
DA:98,0
LF:29
LH:19
BRDA:62,0,0,0
BRF:1
BRH:0
end_of_record
TN:
SF:src/card/card.service.ts
FN:22,(anonymous_3)
FN:71,(anonymous_4)
FN:90,(anonymous_5)
FN:95,(anonymous_6)
FN:102,(anonymous_7)
FN:112,(anonymous_8)
FN:119,(anonymous_9)
FN:135,(anonymous_10)
FN:148,(anonymous_11)
FN:153,(anonymous_12)
FN:171,(anonymous_13)
FN:176,(anonymous_14)
FNF:12
FNH:1
FNDA:2,(anonymous_3)
FNDA:0,(anonymous_4)
FNDA:0,(anonymous_5)
FNDA:0,(anonymous_6)
FNDA:0,(anonymous_7)
FNDA:0,(anonymous_8)
FNDA:0,(anonymous_9)
FNDA:0,(anonymous_10)
FNDA:0,(anonymous_11)
FNDA:0,(anonymous_12)
FNDA:0,(anonymous_13)
FNDA:0,(anonymous_14)
DA:1,2
DA:2,2
DA:7,2
DA:8,2
DA:9,2
DA:18,2
DA:24,2
DA:33,2
DA:39,2
DA:41,2
DA:47,2
DA:55,2
DA:72,0
DA:73,0
DA:79,0
DA:80,0
DA:91,0
DA:92,0
DA:95,0
DA:98,0
DA:107,0
DA:108,0
DA:112,0
DA:115,0
DA:124,0
DA:128,0
DA:129,0
DA:131,0
DA:132,0
DA:136,0
DA:145,0
DA:152,0
DA:153,0
DA:154,0
DA:156,0
DA:168,0
DA:172,0
DA:173,0
DA:177,0
LF:39
LH:12
BRDA:48,0,0,2
BRDA:48,0,1,2
BRDA:85,1,0,0
BRDA:85,1,1,0
BRDA:128,2,0,0
BRDA:182,3,0,0
BRDA:182,3,1,0
BRF:7
BRH:2
end_of_record
TN:
SF:src/card/dto/card-identity.dto.ts
FN:2,(anonymous_0)
FNF:1
FNH:0
FNDA:0,(anonymous_0)
DA:1,1
DA:3,0
DA:4,0
DA:5,0
LF:4
LH:1
BRF:0
BRH:0
end_of_record
TN:
SF:src/card/dto/create-card.dto.ts
FN:6,(anonymous_2)
FNF:1
FNH:0
FNDA:0,(anonymous_2)
DA:1,1
DA:2,1
DA:6,1
DA:10,1
DA:15,1
DA:20,1
DA:25,1
LF:7
LH:7
BRF:0
BRH:0
end_of_record
TN:
SF:src/card/dto/update-card-attributes.dto.ts
FN:6,(anonymous_2)
FNF:1
FNH:0
FNDA:0,(anonymous_2)
DA:1,1
DA:2,1
DA:6,1
DA:9,1
LF:4
LH:4
BRF:0
BRH:0
end_of_record
TN:
SF:src/card/dto/update-card.dto.ts
FNF:0
FNH:0
DA:1,1
DA:3,1
LF:2
LH:2
BRF:0
BRH:0
end_of_record
TN:
SF:src/card/pipes/validate-type.pipe.ts
FN:5,(anonymous_1)
FNF:1
FNH:0
FNDA:0,(anonymous_1)
DA:1,1
DA:4,1
DA:7,0
DA:10,0
DA:11,0
DA:15,0
LF:6
LH:2
BRDA:7,0,0,0
BRDA:7,0,1,0
BRDA:7,0,2,0
BRDA:10,1,0,0
BRF:4
BRH:0
end_of_record
TN:
SF:src/space/space.controller.ts
FN:37,(anonymous_4)
FN:40,(anonymous_5)
FN:51,(anonymous_6)
FN:60,(anonymous_7)
FN:65,(anonymous_8)
FN:70,(anonymous_9)
FNF:6
FNH:1
FNDA:1,(anonymous_4)
FNDA:0,(anonymous_5)
FNDA:0,(anonymous_6)
FNDA:0,(anonymous_7)
FNDA:0,(anonymous_8)
FNDA:0,(anonymous_9)
DA:1,1
DA:14,1
DA:16,1
DA:21,1
DA:22,1
DA:23,1
DA:24,1
DA:36,1
DA:37,1
DA:40,1
DA:44,0
DA:51,1
DA:52,0
DA:60,1
DA:61,0
DA:65,1
DA:66,0
DA:70,1
DA:71,0
LF:19
LH:14
BRF:0
BRH:0
end_of_record
TN:
SF:src/space/space.service.ts
FN:10,(anonymous_2)
FN:11,(anonymous_3)
FN:23,(anonymous_4)
FN:32,(anonymous_5)
FN:36,(anonymous_6)
FN:40,(anonymous_7)
FNF:6
FNH:1
FNDA:2,(anonymous_2)
FNDA:0,(anonymous_3)
FNDA:0,(anonymous_4)
FNDA:0,(anonymous_5)
FNDA:0,(anonymous_6)
FNDA:0,(anonymous_7)
DA:1,2
DA:5,2
DA:6,2
DA:9,2
DA:10,2
DA:12,0
DA:17,0
DA:20,0
DA:24,0
DA:29,0
DA:33,0
DA:37,0
DA:41,0
LF:13
LH:5
BRF:0
BRH:0
end_of_record
TN:
SF:src/space/dto/create-space.dto.ts
FN:4,(anonymous_2)
FNF:1
FNH:0
FNDA:0,(anonymous_2)
DA:1,1
DA:2,1
DA:4,1
DA:9,1
LF:4
LH:4
BRF:0
BRH:0
end_of_record
TN:
SF:src/space/dto/update-space.dto.ts
FNF:0
FNH:0
DA:1,1
DA:3,1
DA:5,1
LF:3
LH:3
BRF:0
BRH:0
end_of_record
TN:
SF:src/space/entities/space.dynamodb.ts
FN:11,(anonymous_2)
FN:12,(anonymous_3)
FNF:2
FNH:1
FNDA:2,(anonymous_2)
FNDA:0,(anonymous_3)
DA:1,2
DA:2,2
DA:3,2
DA:4,2
DA:5,2
DA:7,2
DA:10,2
DA:11,2
DA:14,0
DA:23,0
DA:28,0
DA:29,0
DA:33,0
DA:34,0
DA:37,0
DA:39,0
DA:45,0
LF:17
LH:8
BRDA:33,0,0,0
BRDA:46,1,0,0
BRDA:46,1,1,0
BRF:3
BRH:0
end_of_record
TN:
SF:src/space/entities/space.entity.ts
FNF:0
FNH:0
DA:1,2
DA:3,2
LF:2
LH:2
BRF:0
BRH:0
end_of_record
